  ShotManager.cpp
  ShotBase.cpp
C:\DxLib_VC\プロジェクトに追加すべきファイル_VC用\DxLib.h(3344,1): warning C4819: ファイルは、現在のコード ページ (932) で表示できない文字を含んでいます。データの損失を防ぐために、ファイルを Unicode 形式で保存してください。
C:\Users\fko2247032\Downloads\shot_koko\ShootingGame\Object\Shot\ShotBase.cpp(47,84): warning C4244: '引数': 'float' から 'int' への変換です。データが失われる可能性があります。
C:\Users\fko2247032\Downloads\shot_koko\ShootingGame\Object\Shot\ShotBase.cpp(47,64): warning C4244: '引数': 'float' から 'int' への変換です。データが失われる可能性があります。
C:\Users\fko2247032\Downloads\shot_koko\ShootingGame\Object\Shot\ShotBase.cpp(47,44): warning C4244: '引数': 'float' から 'int' への変換です。データが失われる可能性があります。
C:\Users\fko2247032\Downloads\shot_koko\ShootingGame\Object\Shot\ShotBase.cpp(47,25): warning C4244: '引数': 'float' から 'int' への変換です。データが失われる可能性があります。
  Collision2D.cpp
  EnemyNormal.cpp
  EnemyBase.cpp
C:\DxLib_VC\プロジェクトに追加すべきファイル_VC用\DxLib.h(3344,1): warning C4819: ファイルは、現在のコード ページ (932) で表示できない文字を含んでいます。データの損失を防ぐために、ファイルを Unicode 形式で保存してください。
C:\Users\fko2247032\Downloads\shot_koko\ShootingGame\Object\Enemy\EnemyBase.cpp(100,84): warning C4244: '引数': 'float' から 'int' への変換です。データが失われる可能性があります。
C:\Users\fko2247032\Downloads\shot_koko\ShootingGame\Object\Enemy\EnemyBase.cpp(100,64): warning C4244: '引数': 'float' から 'int' への変換です。データが失われる可能性があります。
C:\Users\fko2247032\Downloads\shot_koko\ShootingGame\Object\Enemy\EnemyBase.cpp(100,44): warning C4244: '引数': 'float' から 'int' への変換です。データが失われる可能性があります。
C:\Users\fko2247032\Downloads\shot_koko\ShootingGame\Object\Enemy\EnemyBase.cpp(100,25): warning C4244: '引数': 'float' から 'int' への変換です。データが失われる可能性があります。
  EnemyManager.cpp
C:\DxLib_VC\プロジェクトに追加すべきファイル_VC用\DxLib.h(3344,1): warning C4819: ファイルは、現在のコード ページ (932) で表示できない文字を含んでいます。データの損失を防ぐために、ファイルを Unicode 形式で保存してください。
C:\Users\fko2247032\Downloads\shot_koko\ShootingGame\Object\Enemy\EnemyManager.cpp(114,55): warning C4244: '引数': 'const float' から 'int' への変換です。データが失われる可能性があります。
  Main.cpp
C:\DxLib_VC\プロジェクトに追加すべきファイル_VC用\DxLib.h(3344,1): warning C4819: ファイルは、現在のコード ページ (932) で表示できない文字を含んでいます。データの損失を防ぐために、ファイルを Unicode 形式で保存してください。
  Map.cpp
C:\DxLib_VC\プロジェクトに追加すべきファイル_VC用\DxLib.h(3344,1): warning C4819: ファイルは、現在のコード ページ (932) で表示できない文字を含んでいます。データの損失を防ぐために、ファイルを Unicode 形式で保存してください。
  Player.cpp
C:\DxLib_VC\プロジェクトに追加すべきファイル_VC用\DxLib.h(3344,1): warning C4819: ファイルは、現在のコード ページ (932) で表示できない文字を含んでいます。データの損失を防ぐために、ファイルを Unicode 形式で保存してください。
C:\Users\fko2247032\Downloads\shot_koko\ShootingGame\Object\Player\Player.cpp(77,84): warning C4244: '引数': 'float' から 'int' への変換です。データが失われる可能性があります。
C:\Users\fko2247032\Downloads\shot_koko\ShootingGame\Object\Player\Player.cpp(77,64): warning C4244: '引数': 'float' から 'int' への変換です。データが失われる可能性があります。
C:\Users\fko2247032\Downloads\shot_koko\ShootingGame\Object\Player\Player.cpp(77,44): warning C4244: '引数': 'float' から 'int' への変換です。データが失われる可能性があります。
C:\Users\fko2247032\Downloads\shot_koko\ShootingGame\Object\Player\Player.cpp(77,25): warning C4244: '引数': 'float' から 'int' への変換です。データが失われる可能性があります。
C:\Users\fko2247032\Downloads\shot_koko\ShootingGame\Object\Player\Player.cpp(131,15): warning C4244: '初期化中': 'double' から 'float' への変換です。データが失われる可能性があります。
  SceneManager.cpp
C:\DxLib_VC\プロジェクトに追加すべきファイル_VC用\DxLib.h(3344,1): warning C4819: ファイルは、現在のコード ページ (932) で表示できない文字を含んでいます。データの損失を防ぐために、ファイルを Unicode 形式で保存してください。
  ShotNomal.cpp
C:\DxLib_VC\プロジェクトに追加すべきファイル_VC用\DxLib.h(3344,1): warning C4819: ファイルは、現在のコード ページ (932) で表示できない文字を含んでいます。データの損失を防ぐために、ファイルを Unicode 形式で保存してください。
  コードを生成中...
  ShootingGame_KOKO.vcxproj -> C:\Users\fko2247032\Downloads\shot_koko\ShootingGame\x64\Debug\ShootingGame_KOKO.exe
